<?xml version="1.0" encoding="UTF-8"?>
<robot generator="Robot 3.1.2 (Python 3.8.2 on win32)" generated="20200427 15:35:07.450" rpa="false">
<suite id="s1" name="TestSitePractice" source="C:\Users\rafael.oliveira\Documents\Projetos\SuiteTestePractice\test\TestSitePractice.robot">
<test id="s1-t1" name="Caso de teste 06: Adicionar Cliente">
<kw name="Abrir navegador" library="Resource" type="setup">
<kw name="Open Browser" library="SeleniumLibrary">
<doc>Opens a new browser instance to the optional ``url``.</doc>
<arguments>
<arg>${URL}</arg>
<arg>${BROWSER}</arg>
</arguments>
<msg timestamp="20200427 15:35:07.927" level="INFO">Opening browser 'chrome' to base url 'http://automationpractice.com'.</msg>
<status status="PASS" starttime="20200427 15:35:07.927" endtime="20200427 15:35:23.300"></status>
</kw>
<status status="PASS" starttime="20200427 15:35:07.926" endtime="20200427 15:35:23.300"></status>
</kw>
<kw name="Acessar a página home do site" library="Resource">
<kw name="Title Should Be" library="SeleniumLibrary">
<doc>Verifies that the current page title equals ``title``.</doc>
<arguments>
<arg>My Store</arg>
</arguments>
<msg timestamp="20200427 15:35:23.306" level="INFO">Page title is 'My Store'.</msg>
<status status="PASS" starttime="20200427 15:35:23.301" endtime="20200427 15:35:23.306"></status>
</kw>
<status status="PASS" starttime="20200427 15:35:23.300" endtime="20200427 15:35:23.306"></status>
</kw>
<kw name="Clicar no botão Sing In" library="Resource">
<kw name="Click Element" library="SeleniumLibrary">
<doc>Click the element identified by ``locator``.</doc>
<arguments>
<arg>//*[@id="header"]/div[2]/div/div/nav/div[1]/a[@title="Log in to your customer account"]</arg>
</arguments>
<msg timestamp="20200427 15:35:23.307" level="INFO">Clicking element '//*[@id="header"]/div[2]/div/div/nav/div[1]/a[@title="Log in to your customer account"]'.</msg>
<status status="PASS" starttime="20200427 15:35:23.307" endtime="20200427 15:35:25.438"></status>
</kw>
<kw name="Wait Until Element Is Visible" library="SeleniumLibrary">
<doc>Waits until the element ``locator`` is visible.</doc>
<arguments>
<arg>//*[@id="create-account_form"]/h3[contains(text(),"Create an account")]</arg>
</arguments>
<status status="PASS" starttime="20200427 15:35:25.438" endtime="20200427 15:35:26.298"></status>
</kw>
<status status="PASS" starttime="20200427 15:35:23.306" endtime="20200427 15:35:26.298"></status>
</kw>
<kw name="Preencher email de registro" library="Resource">
<kw name="First Name" library="FakerLibrary">
<assign>
<var>${NOME}</var>
</assign>
<msg timestamp="20200427 15:35:26.298" level="INFO">${NOME} = Ellen</msg>
<status status="PASS" starttime="20200427 15:35:26.298" endtime="20200427 15:35:26.298"></status>
</kw>
<kw name="Last Name" library="FakerLibrary">
<assign>
<var>${SOBRENOME}</var>
</assign>
<msg timestamp="20200427 15:35:26.299" level="INFO">${SOBRENOME} = Deleon</msg>
<status status="PASS" starttime="20200427 15:35:26.298" endtime="20200427 15:35:26.299"></status>
</kw>
<kw name="Generate Random String" library="String">
<doc>Generates a string with a desired ``length`` from the given ``chars``.</doc>
<arguments>
<arg>4</arg>
<arg>[LOWER]</arg>
</arguments>
<assign>
<var>${STRINGRANDOMICA}</var>
</assign>
<msg timestamp="20200427 15:35:26.299" level="INFO">${STRINGRANDOMICA} = xhtl</msg>
<status status="PASS" starttime="20200427 15:35:26.299" endtime="20200427 15:35:26.299"></status>
</kw>
<kw name="Set Variable" library="BuiltIn">
<doc>Returns the given values which can then be assigned to a variables.</doc>
<arguments>
<arg>@testerobot.com</arg>
</arguments>
<assign>
<var>${FIMEMAILVALIDO}</var>
</assign>
<msg timestamp="20200427 15:35:26.299" level="INFO">${FIMEMAILVALIDO} = @testerobot.com</msg>
<status status="PASS" starttime="20200427 15:35:26.299" endtime="20200427 15:35:26.299"></status>
</kw>
<kw name="Criar email aleatorio" library="Resource">
<arguments>
<arg>${NOME}</arg>
<arg>${SOBRENOME}</arg>
<arg>${STRINGRANDOMICA}</arg>
<arg>${FIMEMAILVALIDO}</arg>
</arguments>
<assign>
<var>${EMAIL}</var>
</assign>
<kw name="Set Variable" library="BuiltIn">
<doc>Returns the given values which can then be assigned to a variables.</doc>
<arguments>
<arg>${NOME}${SOBRENOME}${STRINGRANDOMICA}${FIMEMAILVALIDO}</arg>
</arguments>
<assign>
<var>${EMAIL}</var>
</assign>
<msg timestamp="20200427 15:35:26.300" level="INFO">${EMAIL} = EllenDeleonxhtl@testerobot.com</msg>
<status status="PASS" starttime="20200427 15:35:26.300" endtime="20200427 15:35:26.300"></status>
</kw>
<msg timestamp="20200427 15:35:26.300" level="INFO">${EMAIL} = EllenDeleonxhtl@testerobot.com</msg>
<status status="PASS" starttime="20200427 15:35:26.300" endtime="20200427 15:35:26.300"></status>
</kw>
<kw name="Input Text" library="SeleniumLibrary">
<doc>Types the given ``text`` into the text field identified by ``locator``.</doc>
<arguments>
<arg>id=email_create</arg>
<arg>${EMAIL}</arg>
</arguments>
<msg timestamp="20200427 15:35:26.302" level="INFO">Typing text 'EllenDeleonxhtl@testerobot.com' into text field 'id=email_create'.</msg>
<status status="PASS" starttime="20200427 15:35:26.300" endtime="20200427 15:35:26.436"></status>
</kw>
<kw name="Log To Console" library="BuiltIn">
<doc>Logs the given message to the console.</doc>
<arguments>
<arg>${EMAIL}</arg>
</arguments>
<status status="PASS" starttime="20200427 15:35:26.436" endtime="20200427 15:35:26.437"></status>
</kw>
<kw name="Click Element" library="SeleniumLibrary">
<doc>Click the element identified by ``locator``.</doc>
<arguments>
<arg>id=SubmitCreate</arg>
</arguments>
<msg timestamp="20200427 15:35:26.437" level="INFO">Clicking element 'id=SubmitCreate'.</msg>
<status status="PASS" starttime="20200427 15:35:26.437" endtime="20200427 15:35:26.519"></status>
</kw>
<kw name="Wait Until Element Is Visible" library="SeleniumLibrary">
<doc>Waits until the element ``locator`` is visible.</doc>
<arguments>
<arg>//*[@id="noSlide"]/h1[contains(text(),"Create an account")]</arg>
</arguments>
<status status="PASS" starttime="20200427 15:35:26.519" endtime="20200427 15:35:28.030"></status>
</kw>
<status status="PASS" starttime="20200427 15:35:26.298" endtime="20200427 15:35:28.030"></status>
</kw>
<kw name="Preencher formulário de registro" library="Resource">
<kw name="First Name" library="FakerLibrary">
<assign>
<var>${NOME}</var>
</assign>
<msg timestamp="20200427 15:35:28.032" level="INFO">${NOME} = Jo</msg>
<status status="PASS" starttime="20200427 15:35:28.031" endtime="20200427 15:35:28.032"></status>
</kw>
<kw name="Last Name" library="FakerLibrary">
<assign>
<var>${SOBRENOME}</var>
</assign>
<msg timestamp="20200427 15:35:28.032" level="INFO">${SOBRENOME} = Pena</msg>
<status status="PASS" starttime="20200427 15:35:28.032" endtime="20200427 15:35:28.032"></status>
</kw>
<kw name="Password" library="FakerLibrary">
<doc>Generate a random password of the specified ``length``.</doc>
<assign>
<var>${PASSWORD}</var>
</assign>
<msg timestamp="20200427 15:35:28.032" level="INFO">${PASSWORD} = q_wZlmot%5</msg>
<status status="PASS" starttime="20200427 15:35:28.032" endtime="20200427 15:35:28.032"></status>
</kw>
<kw name="Set Variable" library="BuiltIn">
<doc>Returns the given values which can then be assigned to a variables.</doc>
<arguments>
<arg>31</arg>
</arguments>
<assign>
<var>${DIA}</var>
</assign>
<msg timestamp="20200427 15:35:28.033" level="INFO">${DIA} = 31</msg>
<status status="PASS" starttime="20200427 15:35:28.032" endtime="20200427 15:35:28.033"></status>
</kw>
<kw name="Set Variable" library="BuiltIn">
<doc>Returns the given values which can then be assigned to a variables.</doc>
<arguments>
<arg>04</arg>
</arguments>
<assign>
<var>${MES}</var>
</assign>
<msg timestamp="20200427 15:35:28.033" level="INFO">${MES} = 04</msg>
<status status="PASS" starttime="20200427 15:35:28.033" endtime="20200427 15:35:28.033"></status>
</kw>
<kw name="Year" library="FakerLibrary">
<assign>
<var>${ANO}</var>
</assign>
<msg timestamp="20200427 15:35:28.033" level="INFO">${ANO} = 1987</msg>
<status status="PASS" starttime="20200427 15:35:28.033" endtime="20200427 15:35:28.033"></status>
</kw>
<kw name="Set Variable If" library="BuiltIn">
<doc>Sets variable based on the given condition.</doc>
<arguments>
<arg>'${MES}' == '01'</arg>
<arg>1</arg>
<arg>'${MES}' == '02'</arg>
<arg>2</arg>
<arg>'${MES}' == '03'</arg>
<arg>3</arg>
<arg>'${MES}' == '04'</arg>
<arg>4</arg>
<arg>'${MES}' == '05'</arg>
<arg>5</arg>
<arg>'${MES}' == '06'</arg>
<arg>6</arg>
<arg>'${MES}' == '07'</arg>
<arg>7</arg>
<arg>'${MES}' == '08'</arg>
<arg>8</arg>
<arg>'${MES}' == '09'</arg>
<arg>9</arg>
<arg>'${MES}' == '10'</arg>
<arg>10</arg>
<arg>'${MES}' == '11'</arg>
<arg>11</arg>
<arg>'${MES}' == '12'</arg>
<arg>12</arg>
</arguments>
<assign>
<var>${MESNASCIMENTO}</var>
</assign>
<kw name="Set Variable If" library="BuiltIn">
<doc>Sets variable based on the given condition.</doc>
<arguments>
<arg>'${MES}' == '02'</arg>
<arg>2</arg>
<arg>'${MES}' == '03'</arg>
<arg>3</arg>
<arg>'${MES}' == '04'</arg>
<arg>4</arg>
<arg>'${MES}' == '05'</arg>
<arg>5</arg>
<arg>'${MES}' == '06'</arg>
<arg>6</arg>
<arg>'${MES}' == '07'</arg>
<arg>7</arg>
<arg>'${MES}' == '08'</arg>
<arg>8</arg>
<arg>'${MES}' == '09'</arg>
<arg>9</arg>
<arg>'${MES}' == '10'</arg>
<arg>10</arg>
<arg>'${MES}' == '11'</arg>
<arg>11</arg>
<arg>'${MES}' == '12'</arg>
<arg>12</arg>
</arguments>
<kw name="Set Variable If" library="BuiltIn">
<doc>Sets variable based on the given condition.</doc>
<arguments>
<arg>'${MES}' == '03'</arg>
<arg>3</arg>
<arg>'${MES}' == '04'</arg>
<arg>4</arg>
<arg>'${MES}' == '05'</arg>
<arg>5</arg>
<arg>'${MES}' == '06'</arg>
<arg>6</arg>
<arg>'${MES}' == '07'</arg>
<arg>7</arg>
<arg>'${MES}' == '08'</arg>
<arg>8</arg>
<arg>'${MES}' == '09'</arg>
<arg>9</arg>
<arg>'${MES}' == '10'</arg>
<arg>10</arg>
<arg>'${MES}' == '11'</arg>
<arg>11</arg>
<arg>'${MES}' == '12'</arg>
<arg>12</arg>
</arguments>
<kw name="Set Variable If" library="BuiltIn">
<doc>Sets variable based on the given condition.</doc>
<arguments>
<arg>'${MES}' == '04'</arg>
<arg>4</arg>
<arg>'${MES}' == '05'</arg>
<arg>5</arg>
<arg>'${MES}' == '06'</arg>
<arg>6</arg>
<arg>'${MES}' == '07'</arg>
<arg>7</arg>
<arg>'${MES}' == '08'</arg>
<arg>8</arg>
<arg>'${MES}' == '09'</arg>
<arg>9</arg>
<arg>'${MES}' == '10'</arg>
<arg>10</arg>
<arg>'${MES}' == '11'</arg>
<arg>11</arg>
<arg>'${MES}' == '12'</arg>
<arg>12</arg>
</arguments>
<status status="PASS" starttime="20200427 15:35:28.035" endtime="20200427 15:35:28.035"></status>
</kw>
<status status="PASS" starttime="20200427 15:35:28.034" endtime="20200427 15:35:28.035"></status>
</kw>
<status status="PASS" starttime="20200427 15:35:28.034" endtime="20200427 15:35:28.035"></status>
</kw>
<msg timestamp="20200427 15:35:28.035" level="INFO">${MESNASCIMENTO} = 4</msg>
<status status="PASS" starttime="20200427 15:35:28.033" endtime="20200427 15:35:28.035"></status>
</kw>
<kw name="Set Variable If" library="BuiltIn">
<doc>Sets variable based on the given condition.</doc>
<arguments>
<arg>'${DIA}' == '01'</arg>
<arg>1</arg>
<arg>'${DIA}' == '02'</arg>
<arg>2</arg>
<arg>'${DIA}' == '03'</arg>
<arg>3</arg>
<arg>'${DIA}' == '04'</arg>
<arg>4</arg>
<arg>'${DIA}' == '05'</arg>
<arg>5</arg>
<arg>'${DIA}' == '06'</arg>
<arg>6</arg>
<arg>'${DIA}' == '07'</arg>
<arg>7</arg>
<arg>'${DIA}' == '08'</arg>
<arg>8</arg>
<arg>'${DIA}' == '09'</arg>
<arg>9</arg>
<arg>'${DIA}' == '10'</arg>
<arg>10</arg>
<arg>'${DIA}' == '11'</arg>
<arg>11</arg>
<arg>'${DIA}' == '12'</arg>
<arg>12</arg>
<arg>'${DIA}' == '13'</arg>
<arg>13</arg>
<arg>'${DIA}' == '14'</arg>
<arg>14</arg>
<arg>'${DIA}' == '15'</arg>
<arg>15</arg>
<arg>'${DIA}' == '16'</arg>
<arg>16</arg>
<arg>'${DIA}' == '17'</arg>
<arg>17</arg>
<arg>'${DIA}' == '18'</arg>
<arg>18</arg>
<arg>'${DIA}' == '19'</arg>
<arg>19</arg>
<arg>'${DIA}' == '20'</arg>
<arg>20</arg>
<arg>'${DIA}' == '21'</arg>
<arg>21</arg>
<arg>'${DIA}' == '22'</arg>
<arg>22</arg>
<arg>'${DIA}' == '23'</arg>
<arg>23</arg>
<arg>'${DIA}' == '24'</arg>
<arg>24</arg>
<arg>'${DIA}' == '25'</arg>
<arg>25</arg>
<arg>'${DIA}' == '26'</arg>
<arg>26</arg>
<arg>'${DIA}' == '27'</arg>
<arg>27</arg>
<arg>'${DIA}' == '28'</arg>
<arg>28</arg>
<arg>'${DIA}' == '29'</arg>
<arg>29</arg>
<arg>'${DIA}' == '30' and '${MESNASCIMENTO}' != '2'</arg>
<arg>30</arg>
<arg>'${DIA}' == '30' and '${MESNASCIMENTO}' == '2'</arg>
<arg>1</arg>
<arg>'${DIA}' == '31' and '${MESNASCIMENTO}' != '2' and '${MESNASCIMENTO}' != '4' and '${MESNASCIMENTO}' != '6' and '${MESNASCIMENTO}' != '9' and '${MESNASCIMENTO}' != '11'</arg>
<arg>31</arg>
<arg>'${DIA}' == '31' and '${MESNASCIMENTO}' == '2' or '${MESNASCIMENTO}' == '4' or '${MESNASCIMENTO}' == '6' or '${MESNASCIMENTO}' == '9' or '${MESNASCIMENTO}' == '11'</arg>
<arg>1</arg>
</arguments>
<assign>
<var>${DIANASCIMENTO}</var>
</assign>
<kw name="Set Variable If" library="BuiltIn">
<doc>Sets variable based on the given condition.</doc>
<arguments>
<arg>'${DIA}' == '02'</arg>
<arg>2</arg>
<arg>'${DIA}' == '03'</arg>
<arg>3</arg>
<arg>'${DIA}' == '04'</arg>
<arg>4</arg>
<arg>'${DIA}' == '05'</arg>
<arg>5</arg>
<arg>'${DIA}' == '06'</arg>
<arg>6</arg>
<arg>'${DIA}' == '07'</arg>
<arg>7</arg>
<arg>'${DIA}' == '08'</arg>
<arg>8</arg>
<arg>'${DIA}' == '09'</arg>
<arg>9</arg>
<arg>'${DIA}' == '10'</arg>
<arg>10</arg>
<arg>'${DIA}' == '11'</arg>
<arg>11</arg>
<arg>'${DIA}' == '12'</arg>
<arg>12</arg>
<arg>'${DIA}' == '13'</arg>
<arg>13</arg>
<arg>'${DIA}' == '14'</arg>
<arg>14</arg>
<arg>'${DIA}' == '15'</arg>
<arg>15</arg>
<arg>'${DIA}' == '16'</arg>
<arg>16</arg>
<arg>'${DIA}' == '17'</arg>
<arg>17</arg>
<arg>'${DIA}' == '18'</arg>
<arg>18</arg>
<arg>'${DIA}' == '19'</arg>
<arg>19</arg>
<arg>'${DIA}' == '20'</arg>
<arg>20</arg>
<arg>'${DIA}' == '21'</arg>
<arg>21</arg>
<arg>'${DIA}' == '22'</arg>
<arg>22</arg>
<arg>'${DIA}' == '23'</arg>
<arg>23</arg>
<arg>'${DIA}' == '24'</arg>
<arg>24</arg>
<arg>'${DIA}' == '25'</arg>
<arg>25</arg>
<arg>'${DIA}' == '26'</arg>
<arg>26</arg>
<arg>'${DIA}' == '27'</arg>
<arg>27</arg>
<arg>'${DIA}' == '28'</arg>
<arg>28</arg>
<arg>'${DIA}' == '29'</arg>
<arg>29</arg>
<arg>'${DIA}' == '30' and '${MESNASCIMENTO}' != '2'</arg>
<arg>30</arg>
<arg>'${DIA}' == '30' and '${MESNASCIMENTO}' == '2'</arg>
<arg>1</arg>
<arg>'${DIA}' == '31' and '${MESNASCIMENTO}' != '2' and '${MESNASCIMENTO}' != '4' and '${MESNASCIMENTO}' != '6' and '${MESNASCIMENTO}' != '9' and '${MESNASCIMENTO}' != '11'</arg>
<arg>31</arg>
<arg>'${DIA}' == '31' and '${MESNASCIMENTO}' == '2' or '${MESNASCIMENTO}' == '4' or '${MESNASCIMENTO}' == '6' or '${MESNASCIMENTO}' == '9' or '${MESNASCIMENTO}' == '11'</arg>
<arg>1</arg>
</arguments>
<kw name="Set Variable If" library="BuiltIn">
<doc>Sets variable based on the given condition.</doc>
<arguments>
<arg>'${DIA}' == '03'</arg>
<arg>3</arg>
<arg>'${DIA}' == '04'</arg>
<arg>4</arg>
<arg>'${DIA}' == '05'</arg>
<arg>5</arg>
<arg>'${DIA}' == '06'</arg>
<arg>6</arg>
<arg>'${DIA}' == '07'</arg>
<arg>7</arg>
<arg>'${DIA}' == '08'</arg>
<arg>8</arg>
<arg>'${DIA}' == '09'</arg>
<arg>9</arg>
<arg>'${DIA}' == '10'</arg>
<arg>10</arg>
<arg>'${DIA}' == '11'</arg>
<arg>11</arg>
<arg>'${DIA}' == '12'</arg>
<arg>12</arg>
<arg>'${DIA}' == '13'</arg>
<arg>13</arg>
<arg>'${DIA}' == '14'</arg>
<arg>14</arg>
<arg>'${DIA}' == '15'</arg>
<arg>15</arg>
<arg>'${DIA}' == '16'</arg>
<arg>16</arg>
<arg>'${DIA}' == '17'</arg>
<arg>17</arg>
<arg>'${DIA}' == '18'</arg>
<arg>18</arg>
<arg>'${DIA}' == '19'</arg>
<arg>19</arg>
<arg>'${DIA}' == '20'</arg>
<arg>20</arg>
<arg>'${DIA}' == '21'</arg>
<arg>21</arg>
<arg>'${DIA}' == '22'</arg>
<arg>22</arg>
<arg>'${DIA}' == '23'</arg>
<arg>23</arg>
<arg>'${DIA}' == '24'</arg>
<arg>24</arg>
<arg>'${DIA}' == '25'</arg>
<arg>25</arg>
<arg>'${DIA}' == '26'</arg>
<arg>26</arg>
<arg>'${DIA}' == '27'</arg>
<arg>27</arg>
<arg>'${DIA}' == '28'</arg>
<arg>28</arg>
<arg>'${DIA}' == '29'</arg>
<arg>29</arg>
<arg>'${DIA}' == '30' and '${MESNASCIMENTO}' != '2'</arg>
<arg>30</arg>
<arg>'${DIA}' == '30' and '${MESNASCIMENTO}' == '2'</arg>
<arg>1</arg>
<arg>'${DIA}' == '31' and '${MESNASCIMENTO}' != '2' and '${MESNASCIMENTO}' != '4' and '${MESNASCIMENTO}' != '6' and '${MESNASCIMENTO}' != '9' and '${MESNASCIMENTO}' != '11'</arg>
<arg>31</arg>
<arg>'${DIA}' == '31' and '${MESNASCIMENTO}' == '2' or '${MESNASCIMENTO}' == '4' or '${MESNASCIMENTO}' == '6' or '${MESNASCIMENTO}' == '9' or '${MESNASCIMENTO}' == '11'</arg>
<arg>1</arg>
</arguments>
<kw name="Set Variable If" library="BuiltIn">
<doc>Sets variable based on the given condition.</doc>
<arguments>
<arg>'${DIA}' == '04'</arg>
<arg>4</arg>
<arg>'${DIA}' == '05'</arg>
<arg>5</arg>
<arg>'${DIA}' == '06'</arg>
<arg>6</arg>
<arg>'${DIA}' == '07'</arg>
<arg>7</arg>
<arg>'${DIA}' == '08'</arg>
<arg>8</arg>
<arg>'${DIA}' == '09'</arg>
<arg>9</arg>
<arg>'${DIA}' == '10'</arg>
<arg>10</arg>
<arg>'${DIA}' == '11'</arg>
<arg>11</arg>
<arg>'${DIA}' == '12'</arg>
<arg>12</arg>
<arg>'${DIA}' == '13'</arg>
<arg>13</arg>
<arg>'${DIA}' == '14'</arg>
<arg>14</arg>
<arg>'${DIA}' == '15'</arg>
<arg>15</arg>
<arg>'${DIA}' == '16'</arg>
<arg>16</arg>
<arg>'${DIA}' == '17'</arg>
<arg>17</arg>
<arg>'${DIA}' == '18'</arg>
<arg>18</arg>
<arg>'${DIA}' == '19'</arg>
<arg>19</arg>
<arg>'${DIA}' == '20'</arg>
<arg>20</arg>
<arg>'${DIA}' == '21'</arg>
<arg>21</arg>
<arg>'${DIA}' == '22'</arg>
<arg>22</arg>
<arg>'${DIA}' == '23'</arg>
<arg>23</arg>
<arg>'${DIA}' == '24'</arg>
<arg>24</arg>
<arg>'${DIA}' == '25'</arg>
<arg>25</arg>
<arg>'${DIA}' == '26'</arg>
<arg>26</arg>
<arg>'${DIA}' == '27'</arg>
<arg>27</arg>
<arg>'${DIA}' == '28'</arg>
<arg>28</arg>
<arg>'${DIA}' == '29'</arg>
<arg>29</arg>
<arg>'${DIA}' == '30' and '${MESNASCIMENTO}' != '2'</arg>
<arg>30</arg>
<arg>'${DIA}' == '30' and '${MESNASCIMENTO}' == '2'</arg>
<arg>1</arg>
<arg>'${DIA}' == '31' and '${MESNASCIMENTO}' != '2' and '${MESNASCIMENTO}' != '4' and '${MESNASCIMENTO}' != '6' and '${MESNASCIMENTO}' != '9' and '${MESNASCIMENTO}' != '11'</arg>
<arg>31</arg>
<arg>'${DIA}' == '31' and '${MESNASCIMENTO}' == '2' or '${MESNASCIMENTO}' == '4' or '${MESNASCIMENTO}' == '6' or '${MESNASCIMENTO}' == '9' or '${MESNASCIMENTO}' == '11'</arg>
<arg>1</arg>
</arguments>
<kw name="Set Variable If" library="BuiltIn">
<doc>Sets variable based on the given condition.</doc>
<arguments>
<arg>'${DIA}' == '05'</arg>
<arg>5</arg>
<arg>'${DIA}' == '06'</arg>
<arg>6</arg>
<arg>'${DIA}' == '07'</arg>
<arg>7</arg>
<arg>'${DIA}' == '08'</arg>
<arg>8</arg>
<arg>'${DIA}' == '09'</arg>
<arg>9</arg>
<arg>'${DIA}' == '10'</arg>
<arg>10</arg>
<arg>'${DIA}' == '11'</arg>
<arg>11</arg>
<arg>'${DIA}' == '12'</arg>
<arg>12</arg>
<arg>'${DIA}' == '13'</arg>
<arg>13</arg>
<arg>'${DIA}' == '14'</arg>
<arg>14</arg>
<arg>'${DIA}' == '15'</arg>
<arg>15</arg>
<arg>'${DIA}' == '16'</arg>
<arg>16</arg>
<arg>'${DIA}' == '17'</arg>
<arg>17</arg>
<arg>'${DIA}' == '18'</arg>
<arg>18</arg>
<arg>'${DIA}' == '19'</arg>
<arg>19</arg>
<arg>'${DIA}' == '20'</arg>
<arg>20</arg>
<arg>'${DIA}' == '21'</arg>
<arg>21</arg>
<arg>'${DIA}' == '22'</arg>
<arg>22</arg>
<arg>'${DIA}' == '23'</arg>
<arg>23</arg>
<arg>'${DIA}' == '24'</arg>
<arg>24</arg>
<arg>'${DIA}' == '25'</arg>
<arg>25</arg>
<arg>'${DIA}' == '26'</arg>
<arg>26</arg>
<arg>'${DIA}' == '27'</arg>
<arg>27</arg>
<arg>'${DIA}' == '28'</arg>
<arg>28</arg>
<arg>'${DIA}' == '29'</arg>
<arg>29</arg>
<arg>'${DIA}' == '30' and '${MESNASCIMENTO}' != '2'</arg>
<arg>30</arg>
<arg>'${DIA}' == '30' and '${MESNASCIMENTO}' == '2'</arg>
<arg>1</arg>
<arg>'${DIA}' == '31' and '${MESNASCIMENTO}' != '2' and '${MESNASCIMENTO}' != '4' and '${MESNASCIMENTO}' != '6' and '${MESNASCIMENTO}' != '9' and '${MESNASCIMENTO}' != '11'</arg>
<arg>31</arg>
<arg>'${DIA}' == '31' and '${MESNASCIMENTO}' == '2' or '${MESNASCIMENTO}' == '4' or '${MESNASCIMENTO}' == '6' or '${MESNASCIMENTO}' == '9' or '${MESNASCIMENTO}' == '11'</arg>
<arg>1</arg>
</arguments>
<kw name="Set Variable If" library="BuiltIn">
<doc>Sets variable based on the given condition.</doc>
<arguments>
<arg>'${DIA}' == '06'</arg>
<arg>6</arg>
<arg>'${DIA}' == '07'</arg>
<arg>7</arg>
<arg>'${DIA}' == '08'</arg>
<arg>8</arg>
<arg>'${DIA}' == '09'</arg>
<arg>9</arg>
<arg>'${DIA}' == '10'</arg>
<arg>10</arg>
<arg>'${DIA}' == '11'</arg>
<arg>11</arg>
<arg>'${DIA}' == '12'</arg>
<arg>12</arg>
<arg>'${DIA}' == '13'</arg>
<arg>13</arg>
<arg>'${DIA}' == '14'</arg>
<arg>14</arg>
<arg>'${DIA}' == '15'</arg>
<arg>15</arg>
<arg>'${DIA}' == '16'</arg>
<arg>16</arg>
<arg>'${DIA}' == '17'</arg>
<arg>17</arg>
<arg>'${DIA}' == '18'</arg>
<arg>18</arg>
<arg>'${DIA}' == '19'</arg>
<arg>19</arg>
<arg>'${DIA}' == '20'</arg>
<arg>20</arg>
<arg>'${DIA}' == '21'</arg>
<arg>21</arg>
<arg>'${DIA}' == '22'</arg>
<arg>22</arg>
<arg>'${DIA}' == '23'</arg>
<arg>23</arg>
<arg>'${DIA}' == '24'</arg>
<arg>24</arg>
<arg>'${DIA}' == '25'</arg>
<arg>25</arg>
<arg>'${DIA}' == '26'</arg>
<arg>26</arg>
<arg>'${DIA}' == '27'</arg>
<arg>27</arg>
<arg>'${DIA}' == '28'</arg>
<arg>28</arg>
<arg>'${DIA}' == '29'</arg>
<arg>29</arg>
<arg>'${DIA}' == '30' and '${MESNASCIMENTO}' != '2'</arg>
<arg>30</arg>
<arg>'${DIA}' == '30' and '${MESNASCIMENTO}' == '2'</arg>
<arg>1</arg>
<arg>'${DIA}' == '31' and '${MESNASCIMENTO}' != '2' and '${MESNASCIMENTO}' != '4' and '${MESNASCIMENTO}' != '6' and '${MESNASCIMENTO}' != '9' and '${MESNASCIMENTO}' != '11'</arg>
<arg>31</arg>
<arg>'${DIA}' == '31' and '${MESNASCIMENTO}' == '2' or '${MESNASCIMENTO}' == '4' or '${MESNASCIMENTO}' == '6' or '${MESNASCIMENTO}' == '9' or '${MESNASCIMENTO}' == '11'</arg>
<arg>1</arg>
</arguments>
<kw name="Set Variable If" library="BuiltIn">
<doc>Sets variable based on the given condition.</doc>
<arguments>
<arg>'${DIA}' == '07'</arg>
<arg>7</arg>
<arg>'${DIA}' == '08'</arg>
<arg>8</arg>
<arg>'${DIA}' == '09'</arg>
<arg>9</arg>
<arg>'${DIA}' == '10'</arg>
<arg>10</arg>
<arg>'${DIA}' == '11'</arg>
<arg>11</arg>
<arg>'${DIA}' == '12'</arg>
<arg>12</arg>
<arg>'${DIA}' == '13'</arg>
<arg>13</arg>
<arg>'${DIA}' == '14'</arg>
<arg>14</arg>
<arg>'${DIA}' == '15'</arg>
<arg>15</arg>
<arg>'${DIA}' == '16'</arg>
<arg>16</arg>
<arg>'${DIA}' == '17'</arg>
<arg>17</arg>
<arg>'${DIA}' == '18'</arg>
<arg>18</arg>
<arg>'${DIA}' == '19'</arg>
<arg>19</arg>
<arg>'${DIA}' == '20'</arg>
<arg>20</arg>
<arg>'${DIA}' == '21'</arg>
<arg>21</arg>
<arg>'${DIA}' == '22'</arg>
<arg>22</arg>
<arg>'${DIA}' == '23'</arg>
<arg>23</arg>
<arg>'${DIA}' == '24'</arg>
<arg>24</arg>
<arg>'${DIA}' == '25'</arg>
<arg>25</arg>
<arg>'${DIA}' == '26'</arg>
<arg>26</arg>
<arg>'${DIA}' == '27'</arg>
<arg>27</arg>
<arg>'${DIA}' == '28'</arg>
<arg>28</arg>
<arg>'${DIA}' == '29'</arg>
<arg>29</arg>
<arg>'${DIA}' == '30' and '${MESNASCIMENTO}' != '2'</arg>
<arg>30</arg>
<arg>'${DIA}' == '30' and '${MESNASCIMENTO}' == '2'</arg>
<arg>1</arg>
<arg>'${DIA}' == '31' and '${MESNASCIMENTO}' != '2' and '${MESNASCIMENTO}' != '4' and '${MESNASCIMENTO}' != '6' and '${MESNASCIMENTO}' != '9' and '${MESNASCIMENTO}' != '11'</arg>
<arg>31</arg>
<arg>'${DIA}' == '31' and '${MESNASCIMENTO}' == '2' or '${MESNASCIMENTO}' == '4' or '${MESNASCIMENTO}' == '6' or '${MESNASCIMENTO}' == '9' or '${MESNASCIMENTO}' == '11'</arg>
<arg>1</arg>
</arguments>
<kw name="Set Variable If" library="BuiltIn">
<doc>Sets variable based on the given condition.</doc>
<arguments>
<arg>'${DIA}' == '08'</arg>
<arg>8</arg>
<arg>'${DIA}' == '09'</arg>
<arg>9</arg>
<arg>'${DIA}' == '10'</arg>
<arg>10</arg>
<arg>'${DIA}' == '11'</arg>
<arg>11</arg>
<arg>'${DIA}' == '12'</arg>
<arg>12</arg>
<arg>'${DIA}' == '13'</arg>
<arg>13</arg>
<arg>'${DIA}' == '14'</arg>
<arg>14</arg>
<arg>'${DIA}' == '15'</arg>
<arg>15</arg>
<arg>'${DIA}' == '16'</arg>
<arg>16</arg>
<arg>'${DIA}' == '17'</arg>
<arg>17</arg>
<arg>'${DIA}' == '18'</arg>
<arg>18</arg>
<arg>'${DIA}' == '19'</arg>
<arg>19</arg>
<arg>'${DIA}' == '20'</arg>
<arg>20</arg>
<arg>'${DIA}' == '21'</arg>
<arg>21</arg>
<arg>'${DIA}' == '22'</arg>
<arg>22</arg>
<arg>'${DIA}' == '23'</arg>
<arg>23</arg>
<arg>'${DIA}' == '24'</arg>
<arg>24</arg>
<arg>'${DIA}' == '25'</arg>
<arg>25</arg>
<arg>'${DIA}' == '26'</arg>
<arg>26</arg>
<arg>'${DIA}' == '27'</arg>
<arg>27</arg>
<arg>'${DIA}' == '28'</arg>
<arg>28</arg>
<arg>'${DIA}' == '29'</arg>
<arg>29</arg>
<arg>'${DIA}' == '30' and '${MESNASCIMENTO}' != '2'</arg>
<arg>30</arg>
<arg>'${DIA}' == '30' and '${MESNASCIMENTO}' == '2'</arg>
<arg>1</arg>
<arg>'${DIA}' == '31' and '${MESNASCIMENTO}' != '2' and '${MESNASCIMENTO}' != '4' and '${MESNASCIMENTO}' != '6' and '${MESNASCIMENTO}' != '9' and '${MESNASCIMENTO}' != '11'</arg>
<arg>31</arg>
<arg>'${DIA}' == '31' and '${MESNASCIMENTO}' == '2' or '${MESNASCIMENTO}' == '4' or '${MESNASCIMENTO}' == '6' or '${MESNASCIMENTO}' == '9' or '${MESNASCIMENTO}' == '11'</arg>
<arg>1</arg>
</arguments>
<kw name="Set Variable If" library="BuiltIn">
<doc>Sets variable based on the given condition.</doc>
<arguments>
<arg>'${DIA}' == '09'</arg>
<arg>9</arg>
<arg>'${DIA}' == '10'</arg>
<arg>10</arg>
<arg>'${DIA}' == '11'</arg>
<arg>11</arg>
<arg>'${DIA}' == '12'</arg>
<arg>12</arg>
<arg>'${DIA}' == '13'</arg>
<arg>13</arg>
<arg>'${DIA}' == '14'</arg>
<arg>14</arg>
<arg>'${DIA}' == '15'</arg>
<arg>15</arg>
<arg>'${DIA}' == '16'</arg>
<arg>16</arg>
<arg>'${DIA}' == '17'</arg>
<arg>17</arg>
<arg>'${DIA}' == '18'</arg>
<arg>18</arg>
<arg>'${DIA}' == '19'</arg>
<arg>19</arg>
<arg>'${DIA}' == '20'</arg>
<arg>20</arg>
<arg>'${DIA}' == '21'</arg>
<arg>21</arg>
<arg>'${DIA}' == '22'</arg>
<arg>22</arg>
<arg>'${DIA}' == '23'</arg>
<arg>23</arg>
<arg>'${DIA}' == '24'</arg>
<arg>24</arg>
<arg>'${DIA}' == '25'</arg>
<arg>25</arg>
<arg>'${DIA}' == '26'</arg>
<arg>26</arg>
<arg>'${DIA}' == '27'</arg>
<arg>27</arg>
<arg>'${DIA}' == '28'</arg>
<arg>28</arg>
<arg>'${DIA}' == '29'</arg>
<arg>29</arg>
<arg>'${DIA}' == '30' and '${MESNASCIMENTO}' != '2'</arg>
<arg>30</arg>
<arg>'${DIA}' == '30' and '${MESNASCIMENTO}' == '2'</arg>
<arg>1</arg>
<arg>'${DIA}' == '31' and '${MESNASCIMENTO}' != '2' and '${MESNASCIMENTO}' != '4' and '${MESNASCIMENTO}' != '6' and '${MESNASCIMENTO}' != '9' and '${MESNASCIMENTO}' != '11'</arg>
<arg>31</arg>
<arg>'${DIA}' == '31' and '${MESNASCIMENTO}' == '2' or '${MESNASCIMENTO}' == '4' or '${MESNASCIMENTO}' == '6' or '${MESNASCIMENTO}' == '9' or '${MESNASCIMENTO}' == '11'</arg>
<arg>1</arg>
</arguments>
<kw name="Set Variable If" library="BuiltIn">
<doc>Sets variable based on the given condition.</doc>
<arguments>
<arg>'${DIA}' == '10'</arg>
<arg>10</arg>
<arg>'${DIA}' == '11'</arg>
<arg>11</arg>
<arg>'${DIA}' == '12'</arg>
<arg>12</arg>
<arg>'${DIA}' == '13'</arg>
<arg>13</arg>
<arg>'${DIA}' == '14'</arg>
<arg>14</arg>
<arg>'${DIA}' == '15'</arg>
<arg>15</arg>
<arg>'${DIA}' == '16'</arg>
<arg>16</arg>
<arg>'${DIA}' == '17'</arg>
<arg>17</arg>
<arg>'${DIA}' == '18'</arg>
<arg>18</arg>
<arg>'${DIA}' == '19'</arg>
<arg>19</arg>
<arg>'${DIA}' == '20'</arg>
<arg>20</arg>
<arg>'${DIA}' == '21'</arg>
<arg>21</arg>
<arg>'${DIA}' == '22'</arg>
<arg>22</arg>
<arg>'${DIA}' == '23'</arg>
<arg>23</arg>
<arg>'${DIA}' == '24'</arg>
<arg>24</arg>
<arg>'${DIA}' == '25'</arg>
<arg>25</arg>
<arg>'${DIA}' == '26'</arg>
<arg>26</arg>
<arg>'${DIA}' == '27'</arg>
<arg>27</arg>
<arg>'${DIA}' == '28'</arg>
<arg>28</arg>
<arg>'${DIA}' == '29'</arg>
<arg>29</arg>
<arg>'${DIA}' == '30' and '${MESNASCIMENTO}' != '2'</arg>
<arg>30</arg>
<arg>'${DIA}' == '30' and '${MESNASCIMENTO}' == '2'</arg>
<arg>1</arg>
<arg>'${DIA}' == '31' and '${MESNASCIMENTO}' != '2' and '${MESNASCIMENTO}' != '4' and '${MESNASCIMENTO}' != '6' and '${MESNASCIMENTO}' != '9' and '${MESNASCIMENTO}' != '11'</arg>
<arg>31</arg>
<arg>'${DIA}' == '31' and '${MESNASCIMENTO}' == '2' or '${MESNASCIMENTO}' == '4' or '${MESNASCIMENTO}' == '6' or '${MESNASCIMENTO}' == '9' or '${MESNASCIMENTO}' == '11'</arg>
<arg>1</arg>
</arguments>
<kw name="Set Variable If" library="BuiltIn">
<doc>Sets variable based on the given condition.</doc>
<arguments>
<arg>'${DIA}' == '11'</arg>
<arg>11</arg>
<arg>'${DIA}' == '12'</arg>
<arg>12</arg>
<arg>'${DIA}' == '13'</arg>
<arg>13</arg>
<arg>'${DIA}' == '14'</arg>
<arg>14</arg>
<arg>'${DIA}' == '15'</arg>
<arg>15</arg>
<arg>'${DIA}' == '16'</arg>
<arg>16</arg>
<arg>'${DIA}' == '17'</arg>
<arg>17</arg>
<arg>'${DIA}' == '18'</arg>
<arg>18</arg>
<arg>'${DIA}' == '19'</arg>
<arg>19</arg>
<arg>'${DIA}' == '20'</arg>
<arg>20</arg>
<arg>'${DIA}' == '21'</arg>
<arg>21</arg>
<arg>'${DIA}' == '22'</arg>
<arg>22</arg>
<arg>'${DIA}' == '23'</arg>
<arg>23</arg>
<arg>'${DIA}' == '24'</arg>
<arg>24</arg>
<arg>'${DIA}' == '25'</arg>
<arg>25</arg>
<arg>'${DIA}' == '26'</arg>
<arg>26</arg>
<arg>'${DIA}' == '27'</arg>
<arg>27</arg>
<arg>'${DIA}' == '28'</arg>
<arg>28</arg>
<arg>'${DIA}' == '29'</arg>
<arg>29</arg>
<arg>'${DIA}' == '30' and '${MESNASCIMENTO}' != '2'</arg>
<arg>30</arg>
<arg>'${DIA}' == '30' and '${MESNASCIMENTO}' == '2'</arg>
<arg>1</arg>
<arg>'${DIA}' == '31' and '${MESNASCIMENTO}' != '2' and '${MESNASCIMENTO}' != '4' and '${MESNASCIMENTO}' != '6' and '${MESNASCIMENTO}' != '9' and '${MESNASCIMENTO}' != '11'</arg>
<arg>31</arg>
<arg>'${DIA}' == '31' and '${MESNASCIMENTO}' == '2' or '${MESNASCIMENTO}' == '4' or '${MESNASCIMENTO}' == '6' or '${MESNASCIMENTO}' == '9' or '${MESNASCIMENTO}' == '11'</arg>
<arg>1</arg>
</arguments>
<kw name="Set Variable If" library="BuiltIn">
<doc>Sets variable based on the given condition.</doc>
<arguments>
<arg>'${DIA}' == '12'</arg>
<arg>12</arg>
<arg>'${DIA}' == '13'</arg>
<arg>13</arg>
<arg>'${DIA}' == '14'</arg>
<arg>14</arg>
<arg>'${DIA}' == '15'</arg>
<arg>15</arg>
<arg>'${DIA}' == '16'</arg>
<arg>16</arg>
<arg>'${DIA}' == '17'</arg>
<arg>17</arg>
<arg>'${DIA}' == '18'</arg>
<arg>18</arg>
<arg>'${DIA}' == '19'</arg>
<arg>19</arg>
<arg>'${DIA}' == '20'</arg>
<arg>20</arg>
<arg>'${DIA}' == '21'</arg>
<arg>21</arg>
<arg>'${DIA}' == '22'</arg>
<arg>22</arg>
<arg>'${DIA}' == '23'</arg>
<arg>23</arg>
<arg>'${DIA}' == '24'</arg>
<arg>24</arg>
<arg>'${DIA}' == '25'</arg>
<arg>25</arg>
<arg>'${DIA}' == '26'</arg>
<arg>26</arg>
<arg>'${DIA}' == '27'</arg>
<arg>27</arg>
<arg>'${DIA}' == '28'</arg>
<arg>28</arg>
<arg>'${DIA}' == '29'</arg>
<arg>29</arg>
<arg>'${DIA}' == '30' and '${MESNASCIMENTO}' != '2'</arg>
<arg>30</arg>
<arg>'${DIA}' == '30' and '${MESNASCIMENTO}' == '2'</arg>
<arg>1</arg>
<arg>'${DIA}' == '31' and '${MESNASCIMENTO}' != '2' and '${MESNASCIMENTO}' != '4' and '${MESNASCIMENTO}' != '6' and '${MESNASCIMENTO}' != '9' and '${MESNASCIMENTO}' != '11'</arg>
<arg>31</arg>
<arg>'${DIA}' == '31' and '${MESNASCIMENTO}' == '2' or '${MESNASCIMENTO}' == '4' or '${MESNASCIMENTO}' == '6' or '${MESNASCIMENTO}' == '9' or '${MESNASCIMENTO}' == '11'</arg>
<arg>1</arg>
</arguments>
<kw name="Set Variable If" library="BuiltIn">
<doc>Sets variable based on the given condition.</doc>
<arguments>
<arg>'${DIA}' == '13'</arg>
<arg>13</arg>
<arg>'${DIA}' == '14'</arg>
<arg>14</arg>
<arg>'${DIA}' == '15'</arg>
<arg>15</arg>
<arg>'${DIA}' == '16'</arg>
<arg>16</arg>
<arg>'${DIA}' == '17'</arg>
<arg>17</arg>
<arg>'${DIA}' == '18'</arg>
<arg>18</arg>
<arg>'${DIA}' == '19'</arg>
<arg>19</arg>
<arg>'${DIA}' == '20'</arg>
<arg>20</arg>
<arg>'${DIA}' == '21'</arg>
<arg>21</arg>
<arg>'${DIA}' == '22'</arg>
<arg>22</arg>
<arg>'${DIA}' == '23'</arg>
<arg>23</arg>
<arg>'${DIA}' == '24'</arg>
<arg>24</arg>
<arg>'${DIA}' == '25'</arg>
<arg>25</arg>
<arg>'${DIA}' == '26'</arg>
<arg>26</arg>
<arg>'${DIA}' == '27'</arg>
<arg>27</arg>
<arg>'${DIA}' == '28'</arg>
<arg>28</arg>
<arg>'${DIA}' == '29'</arg>
<arg>29</arg>
<arg>'${DIA}' == '30' and '${MESNASCIMENTO}' != '2'</arg>
<arg>30</arg>
<arg>'${DIA}' == '30' and '${MESNASCIMENTO}' == '2'</arg>
<arg>1</arg>
<arg>'${DIA}' == '31' and '${MESNASCIMENTO}' != '2' and '${MESNASCIMENTO}' != '4' and '${MESNASCIMENTO}' != '6' and '${MESNASCIMENTO}' != '9' and '${MESNASCIMENTO}' != '11'</arg>
<arg>31</arg>
<arg>'${DIA}' == '31' and '${MESNASCIMENTO}' == '2' or '${MESNASCIMENTO}' == '4' or '${MESNASCIMENTO}' == '6' or '${MESNASCIMENTO}' == '9' or '${MESNASCIMENTO}' == '11'</arg>
<arg>1</arg>
</arguments>
<kw name="Set Variable If" library="BuiltIn">
<doc>Sets variable based on the given condition.</doc>
<arguments>
<arg>'${DIA}' == '14'</arg>
<arg>14</arg>
<arg>'${DIA}' == '15'</arg>
<arg>15</arg>
<arg>'${DIA}' == '16'</arg>
<arg>16</arg>
<arg>'${DIA}' == '17'</arg>
<arg>17</arg>
<arg>'${DIA}' == '18'</arg>
<arg>18</arg>
<arg>'${DIA}' == '19'</arg>
<arg>19</arg>
<arg>'${DIA}' == '20'</arg>
<arg>20</arg>
<arg>'${DIA}' == '21'</arg>
<arg>21</arg>
<arg>'${DIA}' == '22'</arg>
<arg>22</arg>
<arg>'${DIA}' == '23'</arg>
<arg>23</arg>
<arg>'${DIA}' == '24'</arg>
<arg>24</arg>
<arg>'${DIA}' == '25'</arg>
<arg>25</arg>
<arg>'${DIA}' == '26'</arg>
<arg>26</arg>
<arg>'${DIA}' == '27'</arg>
<arg>27</arg>
<arg>'${DIA}' == '28'</arg>
<arg>28</arg>
<arg>'${DIA}' == '29'</arg>
<arg>29</arg>
<arg>'${DIA}' == '30' and '${MESNASCIMENTO}' != '2'</arg>
<arg>30</arg>
<arg>'${DIA}' == '30' and '${MESNASCIMENTO}' == '2'</arg>
<arg>1</arg>
<arg>'${DIA}' == '31' and '${MESNASCIMENTO}' != '2' and '${MESNASCIMENTO}' != '4' and '${MESNASCIMENTO}' != '6' and '${MESNASCIMENTO}' != '9' and '${MESNASCIMENTO}' != '11'</arg>
<arg>31</arg>
<arg>'${DIA}' == '31' and '${MESNASCIMENTO}' == '2' or '${MESNASCIMENTO}' == '4' or '${MESNASCIMENTO}' == '6' or '${MESNASCIMENTO}' == '9' or '${MESNASCIMENTO}' == '11'</arg>
<arg>1</arg>
</arguments>
<kw name="Set Variable If" library="BuiltIn">
<doc>Sets variable based on the given condition.</doc>
<arguments>
<arg>'${DIA}' == '15'</arg>
<arg>15</arg>
<arg>'${DIA}' == '16'</arg>
<arg>16</arg>
<arg>'${DIA}' == '17'</arg>
<arg>17</arg>
<arg>'${DIA}' == '18'</arg>
<arg>18</arg>
<arg>'${DIA}' == '19'</arg>
<arg>19</arg>
<arg>'${DIA}' == '20'</arg>
<arg>20</arg>
<arg>'${DIA}' == '21'</arg>
<arg>21</arg>
<arg>'${DIA}' == '22'</arg>
<arg>22</arg>
<arg>'${DIA}' == '23'</arg>
<arg>23</arg>
<arg>'${DIA}' == '24'</arg>
<arg>24</arg>
<arg>'${DIA}' == '25'</arg>
<arg>25</arg>
<arg>'${DIA}' == '26'</arg>
<arg>26</arg>
<arg>'${DIA}' == '27'</arg>
<arg>27</arg>
<arg>'${DIA}' == '28'</arg>
<arg>28</arg>
<arg>'${DIA}' == '29'</arg>
<arg>29</arg>
<arg>'${DIA}' == '30' and '${MESNASCIMENTO}' != '2'</arg>
<arg>30</arg>
<arg>'${DIA}' == '30' and '${MESNASCIMENTO}' == '2'</arg>
<arg>1</arg>
<arg>'${DIA}' == '31' and '${MESNASCIMENTO}' != '2' and '${MESNASCIMENTO}' != '4' and '${MESNASCIMENTO}' != '6' and '${MESNASCIMENTO}' != '9' and '${MESNASCIMENTO}' != '11'</arg>
<arg>31</arg>
<arg>'${DIA}' == '31' and '${MESNASCIMENTO}' == '2' or '${MESNASCIMENTO}' == '4' or '${MESNASCIMENTO}' == '6' or '${MESNASCIMENTO}' == '9' or '${MESNASCIMENTO}' == '11'</arg>
<arg>1</arg>
</arguments>
<kw name="Set Variable If" library="BuiltIn">
<doc>Sets variable based on the given condition.</doc>
<arguments>
<arg>'${DIA}' == '16'</arg>
<arg>16</arg>
<arg>'${DIA}' == '17'</arg>
<arg>17</arg>
<arg>'${DIA}' == '18'</arg>
<arg>18</arg>
<arg>'${DIA}' == '19'</arg>
<arg>19</arg>
<arg>'${DIA}' == '20'</arg>
<arg>20</arg>
<arg>'${DIA}' == '21'</arg>
<arg>21</arg>
<arg>'${DIA}' == '22'</arg>
<arg>22</arg>
<arg>'${DIA}' == '23'</arg>
<arg>23</arg>
<arg>'${DIA}' == '24'</arg>
<arg>24</arg>
<arg>'${DIA}' == '25'</arg>
<arg>25</arg>
<arg>'${DIA}' == '26'</arg>
<arg>26</arg>
<arg>'${DIA}' == '27'</arg>
<arg>27</arg>
<arg>'${DIA}' == '28'</arg>
<arg>28</arg>
<arg>'${DIA}' == '29'</arg>
<arg>29</arg>
<arg>'${DIA}' == '30' and '${MESNASCIMENTO}' != '2'</arg>
<arg>30</arg>
<arg>'${DIA}' == '30' and '${MESNASCIMENTO}' == '2'</arg>
<arg>1</arg>
<arg>'${DIA}' == '31' and '${MESNASCIMENTO}' != '2' and '${MESNASCIMENTO}' != '4' and '${MESNASCIMENTO}' != '6' and '${MESNASCIMENTO}' != '9' and '${MESNASCIMENTO}' != '11'</arg>
<arg>31</arg>
<arg>'${DIA}' == '31' and '${MESNASCIMENTO}' == '2' or '${MESNASCIMENTO}' == '4' or '${MESNASCIMENTO}' == '6' or '${MESNASCIMENTO}' == '9' or '${MESNASCIMENTO}' == '11'</arg>
<arg>1</arg>
</arguments>
<kw name="Set Variable If" library="BuiltIn">
<doc>Sets variable based on the given condition.</doc>
<arguments>
<arg>'${DIA}' == '17'</arg>
<arg>17</arg>
<arg>'${DIA}' == '18'</arg>
<arg>18</arg>
<arg>'${DIA}' == '19'</arg>
<arg>19</arg>
<arg>'${DIA}' == '20'</arg>
<arg>20</arg>
<arg>'${DIA}' == '21'</arg>
<arg>21</arg>
<arg>'${DIA}' == '22'</arg>
<arg>22</arg>
<arg>'${DIA}' == '23'</arg>
<arg>23</arg>
<arg>'${DIA}' == '24'</arg>
<arg>24</arg>
<arg>'${DIA}' == '25'</arg>
<arg>25</arg>
<arg>'${DIA}' == '26'</arg>
<arg>26</arg>
<arg>'${DIA}' == '27'</arg>
<arg>27</arg>
<arg>'${DIA}' == '28'</arg>
<arg>28</arg>
<arg>'${DIA}' == '29'</arg>
<arg>29</arg>
<arg>'${DIA}' == '30' and '${MESNASCIMENTO}' != '2'</arg>
<arg>30</arg>
<arg>'${DIA}' == '30' and '${MESNASCIMENTO}' == '2'</arg>
<arg>1</arg>
<arg>'${DIA}' == '31' and '${MESNASCIMENTO}' != '2' and '${MESNASCIMENTO}' != '4' and '${MESNASCIMENTO}' != '6' and '${MESNASCIMENTO}' != '9' and '${MESNASCIMENTO}' != '11'</arg>
<arg>31</arg>
<arg>'${DIA}' == '31' and '${MESNASCIMENTO}' == '2' or '${MESNASCIMENTO}' == '4' or '${MESNASCIMENTO}' == '6' or '${MESNASCIMENTO}' == '9' or '${MESNASCIMENTO}' == '11'</arg>
<arg>1</arg>
</arguments>
<kw name="Set Variable If" library="BuiltIn">
<doc>Sets variable based on the given condition.</doc>
<arguments>
<arg>'${DIA}' == '18'</arg>
<arg>18</arg>
<arg>'${DIA}' == '19'</arg>
<arg>19</arg>
<arg>'${DIA}' == '20'</arg>
<arg>20</arg>
<arg>'${DIA}' == '21'</arg>
<arg>21</arg>
<arg>'${DIA}' == '22'</arg>
<arg>22</arg>
<arg>'${DIA}' == '23'</arg>
<arg>23</arg>
<arg>'${DIA}' == '24'</arg>
<arg>24</arg>
<arg>'${DIA}' == '25'</arg>
<arg>25</arg>
<arg>'${DIA}' == '26'</arg>
<arg>26</arg>
<arg>'${DIA}' == '27'</arg>
<arg>27</arg>
<arg>'${DIA}' == '28'</arg>
<arg>28</arg>
<arg>'${DIA}' == '29'</arg>
<arg>29</arg>
<arg>'${DIA}' == '30' and '${MESNASCIMENTO}' != '2'</arg>
<arg>30</arg>
<arg>'${DIA}' == '30' and '${MESNASCIMENTO}' == '2'</arg>
<arg>1</arg>
<arg>'${DIA}' == '31' and '${MESNASCIMENTO}' != '2' and '${MESNASCIMENTO}' != '4' and '${MESNASCIMENTO}' != '6' and '${MESNASCIMENTO}' != '9' and '${MESNASCIMENTO}' != '11'</arg>
<arg>31</arg>
<arg>'${DIA}' == '31' and '${MESNASCIMENTO}' == '2' or '${MESNASCIMENTO}' == '4' or '${MESNASCIMENTO}' == '6' or '${MESNASCIMENTO}' == '9' or '${MESNASCIMENTO}' == '11'</arg>
<arg>1</arg>
</arguments>
<kw name="Set Variable If" library="BuiltIn">
<doc>Sets variable based on the given condition.</doc>
<arguments>
<arg>'${DIA}' == '19'</arg>
<arg>19</arg>
<arg>'${DIA}' == '20'</arg>
<arg>20</arg>
<arg>'${DIA}' == '21'</arg>
<arg>21</arg>
<arg>'${DIA}' == '22'</arg>
<arg>22</arg>
<arg>'${DIA}' == '23'</arg>
<arg>23</arg>
<arg>'${DIA}' == '24'</arg>
<arg>24</arg>
<arg>'${DIA}' == '25'</arg>
<arg>25</arg>
<arg>'${DIA}' == '26'</arg>
<arg>26</arg>
<arg>'${DIA}' == '27'</arg>
<arg>27</arg>
<arg>'${DIA}' == '28'</arg>
<arg>28</arg>
<arg>'${DIA}' == '29'</arg>
<arg>29</arg>
<arg>'${DIA}' == '30' and '${MESNASCIMENTO}' != '2'</arg>
<arg>30</arg>
<arg>'${DIA}' == '30' and '${MESNASCIMENTO}' == '2'</arg>
<arg>1</arg>
<arg>'${DIA}' == '31' and '${MESNASCIMENTO}' != '2' and '${MESNASCIMENTO}' != '4' and '${MESNASCIMENTO}' != '6' and '${MESNASCIMENTO}' != '9' and '${MESNASCIMENTO}' != '11'</arg>
<arg>31</arg>
<arg>'${DIA}' == '31' and '${MESNASCIMENTO}' == '2' or '${MESNASCIMENTO}' == '4' or '${MESNASCIMENTO}' == '6' or '${MESNASCIMENTO}' == '9' or '${MESNASCIMENTO}' == '11'</arg>
<arg>1</arg>
</arguments>
<kw name="Set Variable If" library="BuiltIn">
<doc>Sets variable based on the given condition.</doc>
<arguments>
<arg>'${DIA}' == '20'</arg>
<arg>20</arg>
<arg>'${DIA}' == '21'</arg>
<arg>21</arg>
<arg>'${DIA}' == '22'</arg>
<arg>22</arg>
<arg>'${DIA}' == '23'</arg>
<arg>23</arg>
<arg>'${DIA}' == '24'</arg>
<arg>24</arg>
<arg>'${DIA}' == '25'</arg>
<arg>25</arg>
<arg>'${DIA}' == '26'</arg>
<arg>26</arg>
<arg>'${DIA}' == '27'</arg>
<arg>27</arg>
<arg>'${DIA}' == '28'</arg>
<arg>28</arg>
<arg>'${DIA}' == '29'</arg>
<arg>29</arg>
<arg>'${DIA}' == '30' and '${MESNASCIMENTO}' != '2'</arg>
<arg>30</arg>
<arg>'${DIA}' == '30' and '${MESNASCIMENTO}' == '2'</arg>
<arg>1</arg>
<arg>'${DIA}' == '31' and '${MESNASCIMENTO}' != '2' and '${MESNASCIMENTO}' != '4' and '${MESNASCIMENTO}' != '6' and '${MESNASCIMENTO}' != '9' and '${MESNASCIMENTO}' != '11'</arg>
<arg>31</arg>
<arg>'${DIA}' == '31' and '${MESNASCIMENTO}' == '2' or '${MESNASCIMENTO}' == '4' or '${MESNASCIMENTO}' == '6' or '${MESNASCIMENTO}' == '9' or '${MESNASCIMENTO}' == '11'</arg>
<arg>1</arg>
</arguments>
<kw name="Set Variable If" library="BuiltIn">
<doc>Sets variable based on the given condition.</doc>
<arguments>
<arg>'${DIA}' == '21'</arg>
<arg>21</arg>
<arg>'${DIA}' == '22'</arg>
<arg>22</arg>
<arg>'${DIA}' == '23'</arg>
<arg>23</arg>
<arg>'${DIA}' == '24'</arg>
<arg>24</arg>
<arg>'${DIA}' == '25'</arg>
<arg>25</arg>
<arg>'${DIA}' == '26'</arg>
<arg>26</arg>
<arg>'${DIA}' == '27'</arg>
<arg>27</arg>
<arg>'${DIA}' == '28'</arg>
<arg>28</arg>
<arg>'${DIA}' == '29'</arg>
<arg>29</arg>
<arg>'${DIA}' == '30' and '${MESNASCIMENTO}' != '2'</arg>
<arg>30</arg>
<arg>'${DIA}' == '30' and '${MESNASCIMENTO}' == '2'</arg>
<arg>1</arg>
<arg>'${DIA}' == '31' and '${MESNASCIMENTO}' != '2' and '${MESNASCIMENTO}' != '4' and '${MESNASCIMENTO}' != '6' and '${MESNASCIMENTO}' != '9' and '${MESNASCIMENTO}' != '11'</arg>
<arg>31</arg>
<arg>'${DIA}' == '31' and '${MESNASCIMENTO}' == '2' or '${MESNASCIMENTO}' == '4' or '${MESNASCIMENTO}' == '6' or '${MESNASCIMENTO}' == '9' or '${MESNASCIMENTO}' == '11'</arg>
<arg>1</arg>
</arguments>
<kw name="Set Variable If" library="BuiltIn">
<doc>Sets variable based on the given condition.</doc>
<arguments>
<arg>'${DIA}' == '22'</arg>
<arg>22</arg>
<arg>'${DIA}' == '23'</arg>
<arg>23</arg>
<arg>'${DIA}' == '24'</arg>
<arg>24</arg>
<arg>'${DIA}' == '25'</arg>
<arg>25</arg>
<arg>'${DIA}' == '26'</arg>
<arg>26</arg>
<arg>'${DIA}' == '27'</arg>
<arg>27</arg>
<arg>'${DIA}' == '28'</arg>
<arg>28</arg>
<arg>'${DIA}' == '29'</arg>
<arg>29</arg>
<arg>'${DIA}' == '30' and '${MESNASCIMENTO}' != '2'</arg>
<arg>30</arg>
<arg>'${DIA}' == '30' and '${MESNASCIMENTO}' == '2'</arg>
<arg>1</arg>
<arg>'${DIA}' == '31' and '${MESNASCIMENTO}' != '2' and '${MESNASCIMENTO}' != '4' and '${MESNASCIMENTO}' != '6' and '${MESNASCIMENTO}' != '9' and '${MESNASCIMENTO}' != '11'</arg>
<arg>31</arg>
<arg>'${DIA}' == '31' and '${MESNASCIMENTO}' == '2' or '${MESNASCIMENTO}' == '4' or '${MESNASCIMENTO}' == '6' or '${MESNASCIMENTO}' == '9' or '${MESNASCIMENTO}' == '11'</arg>
<arg>1</arg>
</arguments>
<kw name="Set Variable If" library="BuiltIn">
<doc>Sets variable based on the given condition.</doc>
<arguments>
<arg>'${DIA}' == '23'</arg>
<arg>23</arg>
<arg>'${DIA}' == '24'</arg>
<arg>24</arg>
<arg>'${DIA}' == '25'</arg>
<arg>25</arg>
<arg>'${DIA}' == '26'</arg>
<arg>26</arg>
<arg>'${DIA}' == '27'</arg>
<arg>27</arg>
<arg>'${DIA}' == '28'</arg>
<arg>28</arg>
<arg>'${DIA}' == '29'</arg>
<arg>29</arg>
<arg>'${DIA}' == '30' and '${MESNASCIMENTO}' != '2'</arg>
<arg>30</arg>
<arg>'${DIA}' == '30' and '${MESNASCIMENTO}' == '2'</arg>
<arg>1</arg>
<arg>'${DIA}' == '31' and '${MESNASCIMENTO}' != '2' and '${MESNASCIMENTO}' != '4' and '${MESNASCIMENTO}' != '6' and '${MESNASCIMENTO}' != '9' and '${MESNASCIMENTO}' != '11'</arg>
<arg>31</arg>
<arg>'${DIA}' == '31' and '${MESNASCIMENTO}' == '2' or '${MESNASCIMENTO}' == '4' or '${MESNASCIMENTO}' == '6' or '${MESNASCIMENTO}' == '9' or '${MESNASCIMENTO}' == '11'</arg>
<arg>1</arg>
</arguments>
<kw name="Set Variable If" library="BuiltIn">
<doc>Sets variable based on the given condition.</doc>
<arguments>
<arg>'${DIA}' == '24'</arg>
<arg>24</arg>
<arg>'${DIA}' == '25'</arg>
<arg>25</arg>
<arg>'${DIA}' == '26'</arg>
<arg>26</arg>
<arg>'${DIA}' == '27'</arg>
<arg>27</arg>
<arg>'${DIA}' == '28'</arg>
<arg>28</arg>
<arg>'${DIA}' == '29'</arg>
<arg>29</arg>
<arg>'${DIA}' == '30' and '${MESNASCIMENTO}' != '2'</arg>
<arg>30</arg>
<arg>'${DIA}' == '30' and '${MESNASCIMENTO}' == '2'</arg>
<arg>1</arg>
<arg>'${DIA}' == '31' and '${MESNASCIMENTO}' != '2' and '${MESNASCIMENTO}' != '4' and '${MESNASCIMENTO}' != '6' and '${MESNASCIMENTO}' != '9' and '${MESNASCIMENTO}' != '11'</arg>
<arg>31</arg>
<arg>'${DIA}' == '31' and '${MESNASCIMENTO}' == '2' or '${MESNASCIMENTO}' == '4' or '${MESNASCIMENTO}' == '6' or '${MESNASCIMENTO}' == '9' or '${MESNASCIMENTO}' == '11'</arg>
<arg>1</arg>
</arguments>
<kw name="Set Variable If" library="BuiltIn">
<doc>Sets variable based on the given condition.</doc>
<arguments>
<arg>'${DIA}' == '25'</arg>
<arg>25</arg>
<arg>'${DIA}' == '26'</arg>
<arg>26</arg>
<arg>'${DIA}' == '27'</arg>
<arg>27</arg>
<arg>'${DIA}' == '28'</arg>
<arg>28</arg>
<arg>'${DIA}' == '29'</arg>
<arg>29</arg>
<arg>'${DIA}' == '30' and '${MESNASCIMENTO}' != '2'</arg>
<arg>30</arg>
<arg>'${DIA}' == '30' and '${MESNASCIMENTO}' == '2'</arg>
<arg>1</arg>
<arg>'${DIA}' == '31' and '${MESNASCIMENTO}' != '2' and '${MESNASCIMENTO}' != '4' and '${MESNASCIMENTO}' != '6' and '${MESNASCIMENTO}' != '9' and '${MESNASCIMENTO}' != '11'</arg>
<arg>31</arg>
<arg>'${DIA}' == '31' and '${MESNASCIMENTO}' == '2' or '${MESNASCIMENTO}' == '4' or '${MESNASCIMENTO}' == '6' or '${MESNASCIMENTO}' == '9' or '${MESNASCIMENTO}' == '11'</arg>
<arg>1</arg>
</arguments>
<kw name="Set Variable If" library="BuiltIn">
<doc>Sets variable based on the given condition.</doc>
<arguments>
<arg>'${DIA}' == '26'</arg>
<arg>26</arg>
<arg>'${DIA}' == '27'</arg>
<arg>27</arg>
<arg>'${DIA}' == '28'</arg>
<arg>28</arg>
<arg>'${DIA}' == '29'</arg>
<arg>29</arg>
<arg>'${DIA}' == '30' and '${MESNASCIMENTO}' != '2'</arg>
<arg>30</arg>
<arg>'${DIA}' == '30' and '${MESNASCIMENTO}' == '2'</arg>
<arg>1</arg>
<arg>'${DIA}' == '31' and '${MESNASCIMENTO}' != '2' and '${MESNASCIMENTO}' != '4' and '${MESNASCIMENTO}' != '6' and '${MESNASCIMENTO}' != '9' and '${MESNASCIMENTO}' != '11'</arg>
<arg>31</arg>
<arg>'${DIA}' == '31' and '${MESNASCIMENTO}' == '2' or '${MESNASCIMENTO}' == '4' or '${MESNASCIMENTO}' == '6' or '${MESNASCIMENTO}' == '9' or '${MESNASCIMENTO}' == '11'</arg>
<arg>1</arg>
</arguments>
<kw name="Set Variable If" library="BuiltIn">
<doc>Sets variable based on the given condition.</doc>
<arguments>
<arg>'${DIA}' == '27'</arg>
<arg>27</arg>
<arg>'${DIA}' == '28'</arg>
<arg>28</arg>
<arg>'${DIA}' == '29'</arg>
<arg>29</arg>
<arg>'${DIA}' == '30' and '${MESNASCIMENTO}' != '2'</arg>
<arg>30</arg>
<arg>'${DIA}' == '30' and '${MESNASCIMENTO}' == '2'</arg>
<arg>1</arg>
<arg>'${DIA}' == '31' and '${MESNASCIMENTO}' != '2' and '${MESNASCIMENTO}' != '4' and '${MESNASCIMENTO}' != '6' and '${MESNASCIMENTO}' != '9' and '${MESNASCIMENTO}' != '11'</arg>
<arg>31</arg>
<arg>'${DIA}' == '31' and '${MESNASCIMENTO}' == '2' or '${MESNASCIMENTO}' == '4' or '${MESNASCIMENTO}' == '6' or '${MESNASCIMENTO}' == '9' or '${MESNASCIMENTO}' == '11'</arg>
<arg>1</arg>
</arguments>
<kw name="Set Variable If" library="BuiltIn">
<doc>Sets variable based on the given condition.</doc>
<arguments>
<arg>'${DIA}' == '28'</arg>
<arg>28</arg>
<arg>'${DIA}' == '29'</arg>
<arg>29</arg>
<arg>'${DIA}' == '30' and '${MESNASCIMENTO}' != '2'</arg>
<arg>30</arg>
<arg>'${DIA}' == '30' and '${MESNASCIMENTO}' == '2'</arg>
<arg>1</arg>
<arg>'${DIA}' == '31' and '${MESNASCIMENTO}' != '2' and '${MESNASCIMENTO}' != '4' and '${MESNASCIMENTO}' != '6' and '${MESNASCIMENTO}' != '9' and '${MESNASCIMENTO}' != '11'</arg>
<arg>31</arg>
<arg>'${DIA}' == '31' and '${MESNASCIMENTO}' == '2' or '${MESNASCIMENTO}' == '4' or '${MESNASCIMENTO}' == '6' or '${MESNASCIMENTO}' == '9' or '${MESNASCIMENTO}' == '11'</arg>
<arg>1</arg>
</arguments>
<kw name="Set Variable If" library="BuiltIn">
<doc>Sets variable based on the given condition.</doc>
<arguments>
<arg>'${DIA}' == '29'</arg>
<arg>29</arg>
<arg>'${DIA}' == '30' and '${MESNASCIMENTO}' != '2'</arg>
<arg>30</arg>
<arg>'${DIA}' == '30' and '${MESNASCIMENTO}' == '2'</arg>
<arg>1</arg>
<arg>'${DIA}' == '31' and '${MESNASCIMENTO}' != '2' and '${MESNASCIMENTO}' != '4' and '${MESNASCIMENTO}' != '6' and '${MESNASCIMENTO}' != '9' and '${MESNASCIMENTO}' != '11'</arg>
<arg>31</arg>
<arg>'${DIA}' == '31' and '${MESNASCIMENTO}' == '2' or '${MESNASCIMENTO}' == '4' or '${MESNASCIMENTO}' == '6' or '${MESNASCIMENTO}' == '9' or '${MESNASCIMENTO}' == '11'</arg>
<arg>1</arg>
</arguments>
<kw name="Set Variable If" library="BuiltIn">
<doc>Sets variable based on the given condition.</doc>
<arguments>
<arg>'${DIA}' == '30' and '${MESNASCIMENTO}' != '2'</arg>
<arg>30</arg>
<arg>'${DIA}' == '30' and '${MESNASCIMENTO}' == '2'</arg>
<arg>1</arg>
<arg>'${DIA}' == '31' and '${MESNASCIMENTO}' != '2' and '${MESNASCIMENTO}' != '4' and '${MESNASCIMENTO}' != '6' and '${MESNASCIMENTO}' != '9' and '${MESNASCIMENTO}' != '11'</arg>
<arg>31</arg>
<arg>'${DIA}' == '31' and '${MESNASCIMENTO}' == '2' or '${MESNASCIMENTO}' == '4' or '${MESNASCIMENTO}' == '6' or '${MESNASCIMENTO}' == '9' or '${MESNASCIMENTO}' == '11'</arg>
<arg>1</arg>
</arguments>
<kw name="Set Variable If" library="BuiltIn">
<doc>Sets variable based on the given condition.</doc>
<arguments>
<arg>'${DIA}' == '30' and '${MESNASCIMENTO}' == '2'</arg>
<arg>1</arg>
<arg>'${DIA}' == '31' and '${MESNASCIMENTO}' != '2' and '${MESNASCIMENTO}' != '4' and '${MESNASCIMENTO}' != '6' and '${MESNASCIMENTO}' != '9' and '${MESNASCIMENTO}' != '11'</arg>
<arg>31</arg>
<arg>'${DIA}' == '31' and '${MESNASCIMENTO}' == '2' or '${MESNASCIMENTO}' == '4' or '${MESNASCIMENTO}' == '6' or '${MESNASCIMENTO}' == '9' or '${MESNASCIMENTO}' == '11'</arg>
<arg>1</arg>
</arguments>
<kw name="Set Variable If" library="BuiltIn">
<doc>Sets variable based on the given condition.</doc>
<arguments>
<arg>'${DIA}' == '31' and '${MESNASCIMENTO}' != '2' and '${MESNASCIMENTO}' != '4' and '${MESNASCIMENTO}' != '6' and '${MESNASCIMENTO}' != '9' and '${MESNASCIMENTO}' != '11'</arg>
<arg>31</arg>
<arg>'${DIA}' == '31' and '${MESNASCIMENTO}' == '2' or '${MESNASCIMENTO}' == '4' or '${MESNASCIMENTO}' == '6' or '${MESNASCIMENTO}' == '9' or '${MESNASCIMENTO}' == '11'</arg>
<arg>1</arg>
</arguments>
<kw name="Set Variable If" library="BuiltIn">
<doc>Sets variable based on the given condition.</doc>
<arguments>
<arg>'${DIA}' == '31' and '${MESNASCIMENTO}' == '2' or '${MESNASCIMENTO}' == '4' or '${MESNASCIMENTO}' == '6' or '${MESNASCIMENTO}' == '9' or '${MESNASCIMENTO}' == '11'</arg>
<arg>1</arg>
</arguments>
<status status="PASS" starttime="20200427 15:35:28.049" endtime="20200427 15:35:28.050"></status>
</kw>
<status status="PASS" starttime="20200427 15:35:28.049" endtime="20200427 15:35:28.050"></status>
</kw>
<status status="PASS" starttime="20200427 15:35:28.049" endtime="20200427 15:35:28.050"></status>
</kw>
<status status="PASS" starttime="20200427 15:35:28.048" endtime="20200427 15:35:28.050"></status>
</kw>
<status status="PASS" starttime="20200427 15:35:28.048" endtime="20200427 15:35:28.050"></status>
</kw>
<status status="PASS" starttime="20200427 15:35:28.048" endtime="20200427 15:35:28.050"></status>
</kw>
<status status="PASS" starttime="20200427 15:35:28.047" endtime="20200427 15:35:28.050"></status>
</kw>
<status status="PASS" starttime="20200427 15:35:28.047" endtime="20200427 15:35:28.050"></status>
</kw>
<status status="PASS" starttime="20200427 15:35:28.047" endtime="20200427 15:35:28.050"></status>
</kw>
<status status="PASS" starttime="20200427 15:35:28.046" endtime="20200427 15:35:28.050"></status>
</kw>
<status status="PASS" starttime="20200427 15:35:28.046" endtime="20200427 15:35:28.050"></status>
</kw>
<status status="PASS" starttime="20200427 15:35:28.046" endtime="20200427 15:35:28.050"></status>
</kw>
<status status="PASS" starttime="20200427 15:35:28.045" endtime="20200427 15:35:28.050"></status>
</kw>
<status status="PASS" starttime="20200427 15:35:28.045" endtime="20200427 15:35:28.050"></status>
</kw>
<status status="PASS" starttime="20200427 15:35:28.045" endtime="20200427 15:35:28.050"></status>
</kw>
<status status="PASS" starttime="20200427 15:35:28.044" endtime="20200427 15:35:28.050"></status>
</kw>
<status status="PASS" starttime="20200427 15:35:28.044" endtime="20200427 15:35:28.050"></status>
</kw>
<status status="PASS" starttime="20200427 15:35:28.044" endtime="20200427 15:35:28.050"></status>
</kw>
<status status="PASS" starttime="20200427 15:35:28.043" endtime="20200427 15:35:28.050"></status>
</kw>
<status status="PASS" starttime="20200427 15:35:28.043" endtime="20200427 15:35:28.050"></status>
</kw>
<status status="PASS" starttime="20200427 15:35:28.042" endtime="20200427 15:35:28.050"></status>
</kw>
<status status="PASS" starttime="20200427 15:35:28.042" endtime="20200427 15:35:28.050"></status>
</kw>
<status status="PASS" starttime="20200427 15:35:28.041" endtime="20200427 15:35:28.050"></status>
</kw>
<status status="PASS" starttime="20200427 15:35:28.041" endtime="20200427 15:35:28.050"></status>
</kw>
<status status="PASS" starttime="20200427 15:35:28.040" endtime="20200427 15:35:28.051"></status>
</kw>
<status status="PASS" starttime="20200427 15:35:28.040" endtime="20200427 15:35:28.051"></status>
</kw>
<status status="PASS" starttime="20200427 15:35:28.039" endtime="20200427 15:35:28.051"></status>
</kw>
<status status="PASS" starttime="20200427 15:35:28.038" endtime="20200427 15:35:28.051"></status>
</kw>
<status status="PASS" starttime="20200427 15:35:28.038" endtime="20200427 15:35:28.051"></status>
</kw>
<status status="PASS" starttime="20200427 15:35:28.037" endtime="20200427 15:35:28.051"></status>
</kw>
<status status="PASS" starttime="20200427 15:35:28.036" endtime="20200427 15:35:28.051"></status>
</kw>
<status status="PASS" starttime="20200427 15:35:28.036" endtime="20200427 15:35:28.051"></status>
</kw>
<msg timestamp="20200427 15:35:28.051" level="INFO">${DIANASCIMENTO} = 1</msg>
<status status="PASS" starttime="20200427 15:35:28.035" endtime="20200427 15:35:28.051"></status>
</kw>
<kw name="Create Dictionary" library="BuiltIn">
<doc>Creates and returns a dictionary based on the given ``items``.</doc>
<arguments>
<arg>nome=${NOME}</arg>
<arg>sobrenome=${SOBRENOME}</arg>
<arg>password=${PASSWORD}</arg>
<arg>diaNascimento=${DIANASCIMENTO}</arg>
<arg>mesNascimento=${MESNASCIMENTO}</arg>
<arg>anoNascimento=${ANO}</arg>
</arguments>
<assign>
<var>&amp;{PESSOA}</var>
</assign>
<msg timestamp="20200427 15:35:28.051" level="INFO">&amp;{PESSOA} = { nome=Jo | sobrenome=Pena | password=q_wZlmot%5 | diaNascimento=1 | mesNascimento=4 | anoNascimento=1987 }</msg>
<status status="PASS" starttime="20200427 15:35:28.051" endtime="20200427 15:35:28.052"></status>
</kw>
<kw name="Street Address" library="FakerLibrary">
<doc>:example '791 Crist Parks'</doc>
<assign>
<var>${LOGRADOURO}</var>
</assign>
<msg timestamp="20200427 15:35:28.052" level="INFO">${LOGRADOURO} = 967 Stephens Expressway</msg>
<status status="PASS" starttime="20200427 15:35:28.052" endtime="20200427 15:35:28.052"></status>
</kw>
<kw name="City" library="FakerLibrary">
<doc>:example 'Sashabury'</doc>
<assign>
<var>${CIDADE}</var>
</assign>
<msg timestamp="20200427 15:35:28.052" level="INFO">${CIDADE} = Lake Kathystad</msg>
<status status="PASS" starttime="20200427 15:35:28.052" endtime="20200427 15:35:28.052"></status>
</kw>
<kw name="Zipcode" library="FakerLibrary">
<assign>
<var>${ZIPCODE}</var>
</assign>
<msg timestamp="20200427 15:35:28.053" level="INFO">${ZIPCODE} = 17776</msg>
<status status="PASS" starttime="20200427 15:35:28.052" endtime="20200427 15:35:28.053"></status>
</kw>
<kw name="Phone Number" library="FakerLibrary">
<assign>
<var>${PHONENUMBER}</var>
</assign>
<msg timestamp="20200427 15:35:28.053" level="INFO">${PHONENUMBER} = +1-423-496-9824x1060</msg>
<status status="PASS" starttime="20200427 15:35:28.053" endtime="20200427 15:35:28.053"></status>
</kw>
<kw name="Create Dictionary" library="BuiltIn">
<doc>Creates and returns a dictionary based on the given ``items``.</doc>
<arguments>
<arg>logradouro=${LOGRADOURO}</arg>
<arg>cidade=${CIDADE}</arg>
<arg>zipcode=${ZIPCODE}</arg>
<arg>celular=${PHONENUMBER}</arg>
<arg>estado=32</arg>
<arg>pais=21</arg>
<arg>apelido=Casa</arg>
</arguments>
<assign>
<var>&amp;{ENDERECO}</var>
</assign>
<msg timestamp="20200427 15:35:28.054" level="INFO">&amp;{ENDERECO} = { logradouro=967 Stephens Expressway | cidade=Lake Kathystad | zipcode=17776 | celular=+1-423-496-9824x1060 | estado=32 | pais=21 | apelido=Casa }</msg>
<status status="PASS" starttime="20200427 15:35:28.053" endtime="20200427 15:35:28.054"></status>
</kw>
<kw name="Click Element" library="SeleniumLibrary">
<doc>Click the element identified by ``locator``.</doc>
<arguments>
<arg>id=id_gender1</arg>
</arguments>
<msg timestamp="20200427 15:35:28.054" level="INFO">Clicking element 'id=id_gender1'.</msg>
<status status="PASS" starttime="20200427 15:35:28.054" endtime="20200427 15:35:28.111"></status>
</kw>
<kw name="Input Text" library="SeleniumLibrary">
<doc>Types the given ``text`` into the text field identified by ``locator``.</doc>
<arguments>
<arg>id=customer_firstname</arg>
<arg>${PESSOA.nome}</arg>
</arguments>
<msg timestamp="20200427 15:35:28.112" level="INFO">Typing text 'Jo' into text field 'id=customer_firstname'.</msg>
<status status="PASS" starttime="20200427 15:35:28.111" endtime="20200427 15:35:28.188"></status>
</kw>
<kw name="Input Text" library="SeleniumLibrary">
<doc>Types the given ``text`` into the text field identified by ``locator``.</doc>
<arguments>
<arg>id=customer_lastname</arg>
<arg>${PESSOA.sobrenome}</arg>
</arguments>
<msg timestamp="20200427 15:35:28.188" level="INFO">Typing text 'Pena' into text field 'id=customer_lastname'.</msg>
<status status="PASS" starttime="20200427 15:35:28.188" endtime="20200427 15:35:28.265"></status>
</kw>
<kw name="Input Password" library="SeleniumLibrary">
<doc>Types the given password into the text field identified by ``locator``.</doc>
<arguments>
<arg>id=passwd</arg>
<arg>${PESSOA.password}</arg>
</arguments>
<msg timestamp="20200427 15:35:28.266" level="INFO">Typing password into text field 'id=passwd'.</msg>
<msg timestamp="20200427 15:35:28.298" level="INFO">Temporally setting log level to: NONE</msg>
<msg timestamp="20200427 15:35:28.359" level="INFO">Log level changed from NONE to INFO.</msg>
<status status="PASS" starttime="20200427 15:35:28.265" endtime="20200427 15:35:28.359"></status>
</kw>
<kw name="Set Focus To Element" library="SeleniumLibrary">
<doc>Sets the focus to the element identified by ``locator``.</doc>
<arguments>
<arg>id=days</arg>
</arguments>
<status status="PASS" starttime="20200427 15:35:28.359" endtime="20200427 15:35:28.376"></status>
</kw>
<kw name="Select From List By Value" library="SeleniumLibrary">
<doc>Selects options from selection list ``locator`` by ``values``.</doc>
<arguments>
<arg>id=days</arg>
<arg>${PESSOA.diaNascimento}</arg>
</arguments>
<msg timestamp="20200427 15:35:28.376" level="INFO">Selecting options from selection list 'id=days' by value 1.</msg>
<status status="PASS" starttime="20200427 15:35:28.376" endtime="20200427 15:35:28.433"></status>
</kw>
<kw name="Set Focus To Element" library="SeleniumLibrary">
<doc>Sets the focus to the element identified by ``locator``.</doc>
<arguments>
<arg>id=months</arg>
</arguments>
<status status="PASS" starttime="20200427 15:35:28.433" endtime="20200427 15:35:28.450"></status>
</kw>
<kw name="Select From List By Value" library="SeleniumLibrary">
<doc>Selects options from selection list ``locator`` by ``values``.</doc>
<arguments>
<arg>id=months</arg>
<arg>${PESSOA.mesNascimento}</arg>
</arguments>
<msg timestamp="20200427 15:35:28.451" level="INFO">Selecting options from selection list 'id=months' by value 4.</msg>
<status status="PASS" starttime="20200427 15:35:28.451" endtime="20200427 15:35:28.551"></status>
</kw>
<kw name="Set Focus To Element" library="SeleniumLibrary">
<doc>Sets the focus to the element identified by ``locator``.</doc>
<arguments>
<arg>id=years</arg>
</arguments>
<status status="PASS" starttime="20200427 15:35:28.552" endtime="20200427 15:35:28.567"></status>
</kw>
<kw name="Select From List By Value" library="SeleniumLibrary">
<doc>Selects options from selection list ``locator`` by ``values``.</doc>
<arguments>
<arg>id=years</arg>
<arg>${PESSOA.anoNascimento}</arg>
</arguments>
<msg timestamp="20200427 15:35:28.567" level="INFO">Selecting options from selection list 'id=years' by value 1987.</msg>
<status status="PASS" starttime="20200427 15:35:28.567" endtime="20200427 15:35:28.617"></status>
</kw>
<kw name="Input Text" library="SeleniumLibrary">
<doc>Types the given ``text`` into the text field identified by ``locator``.</doc>
<arguments>
<arg>id=firstname</arg>
<arg>${PESSOA.nome}</arg>
</arguments>
<msg timestamp="20200427 15:35:28.618" level="INFO">Typing text 'Jo' into text field 'id=firstname'.</msg>
<status status="PASS" starttime="20200427 15:35:28.618" endtime="20200427 15:35:28.693"></status>
</kw>
<kw name="Input Text" library="SeleniumLibrary">
<doc>Types the given ``text`` into the text field identified by ``locator``.</doc>
<arguments>
<arg>id=lastname</arg>
<arg>${PESSOA.sobrenome}</arg>
</arguments>
<msg timestamp="20200427 15:35:28.693" level="INFO">Typing text 'Pena' into text field 'id=lastname'.</msg>
<status status="PASS" starttime="20200427 15:35:28.693" endtime="20200427 15:35:28.768"></status>
</kw>
<kw name="Input Text" library="SeleniumLibrary">
<doc>Types the given ``text`` into the text field identified by ``locator``.</doc>
<arguments>
<arg>id=address1</arg>
<arg>${ENDERECO.logradouro}</arg>
</arguments>
<msg timestamp="20200427 15:35:28.768" level="INFO">Typing text '967 Stephens Expressway' into text field 'id=address1'.</msg>
<status status="PASS" starttime="20200427 15:35:28.768" endtime="20200427 15:35:28.898"></status>
</kw>
<kw name="Input Text" library="SeleniumLibrary">
<doc>Types the given ``text`` into the text field identified by ``locator``.</doc>
<arguments>
<arg>id=city</arg>
<arg>${ENDERECO.cidade}</arg>
</arguments>
<msg timestamp="20200427 15:35:28.898" level="INFO">Typing text 'Lake Kathystad' into text field 'id=city'.</msg>
<status status="PASS" starttime="20200427 15:35:28.898" endtime="20200427 15:35:29.001"></status>
</kw>
<kw name="Set Focus To Element" library="SeleniumLibrary">
<doc>Sets the focus to the element identified by ``locator``.</doc>
<arguments>
<arg>id=id_state</arg>
</arguments>
<status status="PASS" starttime="20200427 15:35:29.002" endtime="20200427 15:35:29.016"></status>
</kw>
<kw name="Select From List By Value" library="SeleniumLibrary">
<doc>Selects options from selection list ``locator`` by ``values``.</doc>
<arguments>
<arg>id=id_state</arg>
<arg>${ENDERECO.estado}</arg>
</arguments>
<msg timestamp="20200427 15:35:29.017" level="INFO">Selecting options from selection list 'id=id_state' by value 32.</msg>
<status status="PASS" starttime="20200427 15:35:29.017" endtime="20200427 15:35:29.069"></status>
</kw>
<kw name="Input Text" library="SeleniumLibrary">
<doc>Types the given ``text`` into the text field identified by ``locator``.</doc>
<arguments>
<arg>id=postcode</arg>
<arg>${ENDERECO.zipcode}</arg>
</arguments>
<msg timestamp="20200427 15:35:29.069" level="INFO">Typing text '17776' into text field 'id=postcode'.</msg>
<status status="PASS" starttime="20200427 15:35:29.069" endtime="20200427 15:35:29.147"></status>
</kw>
<kw name="Set Focus To Element" library="SeleniumLibrary">
<doc>Sets the focus to the element identified by ``locator``.</doc>
<arguments>
<arg>id=id_country</arg>
</arguments>
<status status="PASS" starttime="20200427 15:35:29.147" endtime="20200427 15:35:29.162"></status>
</kw>
<kw name="Select From List By Value" library="SeleniumLibrary">
<doc>Selects options from selection list ``locator`` by ``values``.</doc>
<arguments>
<arg>id=id_country</arg>
<arg>${ENDERECO.pais}</arg>
</arguments>
<msg timestamp="20200427 15:35:29.163" level="INFO">Selecting options from selection list 'id=id_country' by value 21.</msg>
<status status="PASS" starttime="20200427 15:35:29.162" endtime="20200427 15:35:29.195"></status>
</kw>
<kw name="Input Text" library="SeleniumLibrary">
<doc>Types the given ``text`` into the text field identified by ``locator``.</doc>
<arguments>
<arg>id=phone_mobile</arg>
<arg>${ENDERECO.celular}</arg>
</arguments>
<msg timestamp="20200427 15:35:29.196" level="INFO">Typing text '+1-423-496-9824x1060' into text field 'id=phone_mobile'.</msg>
<status status="PASS" starttime="20200427 15:35:29.196" endtime="20200427 15:35:29.315"></status>
</kw>
<kw name="Input Text" library="SeleniumLibrary">
<doc>Types the given ``text`` into the text field identified by ``locator``.</doc>
<arguments>
<arg>id=alias</arg>
<arg>${ENDERECO.apelido}</arg>
</arguments>
<msg timestamp="20200427 15:35:29.315" level="INFO">Typing text 'Casa' into text field 'id=alias'.</msg>
<status status="PASS" starttime="20200427 15:35:29.315" endtime="20200427 15:35:29.386"></status>
</kw>
<status status="PASS" starttime="20200427 15:35:28.031" endtime="20200427 15:35:29.386"></status>
</kw>
<status status="PASS" starttime="20200427 15:35:07.926" endtime="20200427 15:35:29.386" critical="yes"></status>
</test>
<status status="PASS" starttime="20200427 15:35:07.451" endtime="20200427 15:35:29.388"></status>
</suite>
<statistics>
<total>
<stat pass="1" fail="0">Critical Tests</stat>
<stat pass="1" fail="0">All Tests</stat>
</total>
<tag>
</tag>
<suite>
<stat pass="1" fail="0" id="s1" name="TestSitePractice">TestSitePractice</stat>
</suite>
</statistics>
<errors>
</errors>
</robot>
